{"C:\\Users\\user\\Documents\\GIT\\Pruebas Mid\\javascript-exercise\\index.js": {"path":"C:\\Users\\user\\Documents\\GIT\\Pruebas Mid\\javascript-exercise\\index.js","statementMap":{"0":{"start":{"line":1,"column":13},"end":{"line":1,"column":28}},"1":{"start":{"line":2,"column":10},"end":{"line":2,"column":27}},"2":{"start":{"line":4,"column":19},"end":{"line":15,"column":1}},"3":{"start":{"line":5,"column":2},"end":{"line":14,"column":16}},"4":{"start":{"line":8,"column":4},"end":{"line":8,"column":51}},"5":{"start":{"line":12,"column":4},"end":{"line":12,"column":14}},"6":{"start":{"line":17,"column":12},"end":{"line":19,"column":1}},"7":{"start":{"line":18,"column":2},"end":{"line":18,"column":15}},"8":{"start":{"line":21,"column":0},"end":{"line":21,"column":13}},"9":{"start":{"line":23,"column":0},"end":{"line":23,"column":25}},"10":{"start":{"line":24,"column":0},"end":{"line":24,"column":33}},"11":{"start":{"line":31,"column":13},"end":{"line":31,"column":43}},"12":{"start":{"line":33,"column":2},"end":{"line":37,"column":3}},"13":{"start":{"line":34,"column":19},"end":{"line":34,"column":33}},"14":{"start":{"line":35,"column":4},"end":{"line":35,"column":81}}},"fnMap":{"0":{"name":"(anonymous_0)","decl":{"start":{"line":4,"column":19},"end":{"line":4,"column":20}},"loc":{"start":{"line":4,"column":25},"end":{"line":15,"column":1}},"line":4},"1":{"name":"(anonymous_1)","decl":{"start":{"line":6,"column":16},"end":{"line":6,"column":17}},"loc":{"start":{"line":6,"column":36},"end":{"line":13,"column":3}},"line":6},"2":{"name":"(anonymous_2)","decl":{"start":{"line":17,"column":12},"end":{"line":17,"column":13}},"loc":{"start":{"line":17,"column":22},"end":{"line":19,"column":1}},"line":17},"3":{"name":"phoneNumber","decl":{"start":{"line":32,"column":9},"end":{"line":32,"column":20}},"loc":{"start":{"line":32,"column":27},"end":{"line":38,"column":1}},"line":32}},"branchMap":{"0":{"loc":{"start":{"line":33,"column":2},"end":{"line":37,"column":3}},"type":"if","locations":[{"start":{"line":33,"column":2},"end":{"line":37,"column":3}},{"start":{},"end":{}}],"line":33}},"s":{"0":1,"1":1,"2":1,"3":1,"4":0,"5":0,"6":1,"7":0,"8":1,"9":1,"10":1,"11":1,"12":1,"13":0,"14":0},"f":{"0":1,"1":0,"2":0,"3":1},"b":{"0":[0,1]},"_coverageSchema":"1a1c01bbd47fc00a2c39e90264f33305004495a9","hash":"2aaa51d27732539d1b1076c99973c9059d93f447"}
}
