{"C:\\Users\\user\\Documents\\GIT\\javascript-exercise\\index.js": {"path":"C:\\Users\\user\\Documents\\GIT\\javascript-exercise\\index.js","statementMap":{"0":{"start":{"line":1,"column":13},"end":{"line":1,"column":28}},"1":{"start":{"line":2,"column":10},"end":{"line":2,"column":27}},"2":{"start":{"line":4,"column":19},"end":{"line":29,"column":1}},"3":{"start":{"line":5,"column":2},"end":{"line":28,"column":16}},"4":{"start":{"line":8,"column":17},"end":{"line":8,"column":26}},"5":{"start":{"line":9,"column":24},"end":{"line":9,"column":73}},"6":{"start":{"line":10,"column":23},"end":{"line":10,"column":50}},"7":{"start":{"line":11,"column":25},"end":{"line":14,"column":6}},"8":{"start":{"line":15,"column":17},"end":{"line":15,"column":77}},"9":{"start":{"line":16,"column":26},"end":{"line":16,"column":82}},"10":{"start":{"line":17,"column":26},"end":{"line":17,"column":84}},"11":{"start":{"line":18,"column":4},"end":{"line":18,"column":53}},"12":{"start":{"line":19,"column":4},"end":{"line":19,"column":51}},"13":{"start":{"line":20,"column":4},"end":{"line":20,"column":53}},"14":{"start":{"line":21,"column":4},"end":{"line":21,"column":54}},"15":{"start":{"line":22,"column":4},"end":{"line":22,"column":52}},"16":{"start":{"line":23,"column":4},"end":{"line":23,"column":54}},"17":{"start":{"line":24,"column":4},"end":{"line":24,"column":52}},"18":{"start":{"line":26,"column":4},"end":{"line":26,"column":14}},"19":{"start":{"line":32,"column":2},"end":{"line":32,"column":15}},"20":{"start":{"line":35,"column":0},"end":{"line":35,"column":13}},"21":{"start":{"line":37,"column":0},"end":{"line":37,"column":112}},"22":{"start":{"line":43,"column":18},"end":{"line":43,"column":49}},"23":{"start":{"line":44,"column":2},"end":{"line":47,"column":3}},"24":{"start":{"line":45,"column":19},"end":{"line":45,"column":33}},"25":{"start":{"line":46,"column":4},"end":{"line":46,"column":81}},"26":{"start":{"line":48,"column":2},"end":{"line":48,"column":17}},"27":{"start":{"line":57,"column":2},"end":{"line":57,"column":28}},"28":{"start":{"line":66,"column":19},"end":{"line":66,"column":32}},"29":{"start":{"line":67,"column":2},"end":{"line":67,"column":58}},"30":{"start":{"line":68,"column":2},"end":{"line":68,"column":18}},"31":{"start":{"line":78,"column":19},"end":{"line":78,"column":20}},"32":{"start":{"line":79,"column":2},"end":{"line":81,"column":4}},"33":{"start":{"line":80,"column":4},"end":{"line":80,"column":32}},"34":{"start":{"line":82,"column":2},"end":{"line":82,"column":20}},"35":{"start":{"line":112,"column":2},"end":{"line":112,"column":27}},"36":{"start":{"line":113,"column":2},"end":{"line":120,"column":3}},"37":{"start":{"line":128,"column":17},"end":{"line":128,"column":19}},"38":{"start":{"line":129,"column":2},"end":{"line":136,"column":4}},"39":{"start":{"line":130,"column":18},"end":{"line":130,"column":25}},"40":{"start":{"line":131,"column":4},"end":{"line":135,"column":5}},"41":{"start":{"line":132,"column":6},"end":{"line":132,"column":28}},"42":{"start":{"line":134,"column":6},"end":{"line":134,"column":26}},"43":{"start":{"line":137,"column":2},"end":{"line":137,"column":18}}},"fnMap":{"0":{"name":"(anonymous_0)","decl":{"start":{"line":4,"column":19},"end":{"line":4,"column":20}},"loc":{"start":{"line":4,"column":25},"end":{"line":29,"column":1}},"line":4},"1":{"name":"(anonymous_1)","decl":{"start":{"line":6,"column":16},"end":{"line":6,"column":17}},"loc":{"start":{"line":6,"column":36},"end":{"line":27,"column":3}},"line":6},"2":{"name":"add","decl":{"start":{"line":31,"column":9},"end":{"line":31,"column":12}},"loc":{"start":{"line":31,"column":18},"end":{"line":33,"column":1}},"line":31},"3":{"name":"createPhoneNumber","decl":{"start":{"line":42,"column":9},"end":{"line":42,"column":26}},"loc":{"start":{"line":42,"column":33},"end":{"line":49,"column":1}},"line":42},"4":{"name":"createArray","decl":{"start":{"line":56,"column":9},"end":{"line":56,"column":20}},"loc":{"start":{"line":56,"column":25},"end":{"line":58,"column":1}},"line":56},"5":{"name":"getDays","decl":{"start":{"line":65,"column":9},"end":{"line":65,"column":16}},"loc":{"start":{"line":65,"column":30},"end":{"line":70,"column":1}},"line":65},"6":{"name":"getTotalPrice","decl":{"start":{"line":77,"column":9},"end":{"line":77,"column":22}},"loc":{"start":{"line":77,"column":33},"end":{"line":84,"column":1}},"line":77},"7":{"name":"(anonymous_7)","decl":{"start":{"line":79,"column":20},"end":{"line":79,"column":21}},"loc":{"start":{"line":79,"column":31},"end":{"line":81,"column":3}},"line":79},"8":{"name":"decomposeUrl","decl":{"start":{"line":111,"column":9},"end":{"line":111,"column":21}},"loc":{"start":{"line":111,"column":26},"end":{"line":121,"column":1}},"line":111},"9":{"name":"countRepetitions","decl":{"start":{"line":127,"column":9},"end":{"line":127,"column":25}},"loc":{"start":{"line":127,"column":32},"end":{"line":138,"column":1}},"line":127},"10":{"name":"(anonymous_10)","decl":{"start":{"line":129,"column":16},"end":{"line":129,"column":17}},"loc":{"start":{"line":129,"column":26},"end":{"line":136,"column":3}},"line":129}},"branchMap":{"0":{"loc":{"start":{"line":44,"column":2},"end":{"line":47,"column":3}},"type":"if","locations":[{"start":{"line":44,"column":2},"end":{"line":47,"column":3}},{"start":{},"end":{}}],"line":44},"1":{"loc":{"start":{"line":131,"column":4},"end":{"line":135,"column":5}},"type":"if","locations":[{"start":{"line":131,"column":4},"end":{"line":135,"column":5}},{"start":{"line":133,"column":9},"end":{"line":135,"column":5}}],"line":131}},"s":{"0":1,"1":1,"2":1,"3":1,"4":0,"5":0,"6":0,"7":0,"8":0,"9":0,"10":0,"11":0,"12":0,"13":0,"14":0,"15":0,"16":0,"17":0,"18":0,"19":1,"20":1,"21":1,"22":2,"23":2,"24":2,"25":2,"26":0,"27":2,"28":1,"29":1,"30":1,"31":1,"32":1,"33":2,"34":1,"35":0,"36":0,"37":1,"38":1,"39":12,"40":12,"41":4,"42":8,"43":1},"f":{"0":1,"1":0,"2":1,"3":2,"4":2,"5":1,"6":1,"7":2,"8":0,"9":1,"10":12},"b":{"0":[2,0],"1":[4,8]},"_coverageSchema":"1a1c01bbd47fc00a2c39e90264f33305004495a9","hash":"7e5018f4f571a49b4823945ee6c5e4dccfebd235"}
}
