TN:
SF:index.js
FN:4,(anonymous_0)
FN:6,(anonymous_1)
FN:31,add
FN:42,createPhoneNumber
FN:56,createArray
FN:65,getDays
FN:77,getTotalPrice
FN:79,(anonymous_7)
FN:111,decomposeUrl
FN:127,countRepetitions
FN:129,(anonymous_10)
FNF:11
FNH:9
FNDA:1,(anonymous_0)
FNDA:0,(anonymous_1)
FNDA:1,add
FNDA:2,createPhoneNumber
FNDA:2,createArray
FNDA:1,getDays
FNDA:1,getTotalPrice
FNDA:2,(anonymous_7)
FNDA:0,decomposeUrl
FNDA:1,countRepetitions
FNDA:12,(anonymous_10)
DA:1,1
DA:2,1
DA:4,1
DA:5,1
DA:8,0
DA:9,0
DA:10,0
DA:11,0
DA:15,0
DA:16,0
DA:17,0
DA:18,0
DA:19,0
DA:20,0
DA:21,0
DA:22,0
DA:23,0
DA:24,0
DA:26,0
DA:32,1
DA:35,1
DA:37,1
DA:43,2
DA:44,2
DA:45,2
DA:46,2
DA:48,0
DA:57,2
DA:66,1
DA:67,1
DA:68,1
DA:78,1
DA:79,1
DA:80,2
DA:82,1
DA:112,0
DA:113,0
DA:128,1
DA:129,1
DA:130,12
DA:131,12
DA:132,4
DA:134,8
DA:137,1
LF:44
LH:26
BRDA:44,0,0,2
BRDA:44,0,1,0
BRDA:131,1,0,4
BRDA:131,1,1,8
BRF:4
BRH:3
end_of_record
