TN:
SF:index.js
FN:4,(anonymous_0)
FN:6,(anonymous_1)
FN:29,add
FN:40,createPhoneNumber
FN:54,createArray
FN:63,getDays
FN:75,getTotalPrice
FN:77,(anonymous_7)
FN:109,decomposeUrl
FN:117,countRepetitions
FN:119,(anonymous_10)
FNF:11
FNH:9
FNDA:1,(anonymous_0)
FNDA:0,(anonymous_1)
FNDA:1,add
FNDA:2,createPhoneNumber
FNDA:2,createArray
FNDA:1,getDays
FNDA:1,getTotalPrice
FNDA:2,(anonymous_7)
FNDA:0,decomposeUrl
FNDA:1,countRepetitions
FNDA:12,(anonymous_10)
DA:1,1
DA:2,1
DA:4,1
DA:5,1
DA:8,0
DA:9,0
DA:10,0
DA:11,0
DA:15,0
DA:16,0
DA:17,0
DA:18,0
DA:19,0
DA:20,0
DA:21,0
DA:22,0
DA:24,0
DA:30,1
DA:33,1
DA:35,1
DA:41,2
DA:42,2
DA:43,2
DA:44,2
DA:46,0
DA:55,2
DA:64,1
DA:65,1
DA:66,1
DA:76,1
DA:77,1
DA:78,2
DA:80,1
DA:118,1
DA:119,1
DA:120,12
DA:121,12
DA:122,4
DA:124,8
DA:127,1
LF:40
LH:26
BRDA:42,0,0,2
BRDA:42,0,1,0
BRDA:121,1,0,4
BRDA:121,1,1,8
BRF:4
BRH:3
end_of_record
